Configuring library for basement-0.0.16...
Preprocessing library for basement-0.0.16...
Building library for basement-0.0.16...
[ 1 of 84] Compiling Basement.Compat.Bifunctor ( Basement/Compat/Bifunctor.hs, dist/build/Basement/Compat/Bifunctor.o, dist/build/Basement/Compat/Bifunctor.dyn_o )
[ 2 of 84] Compiling Basement.Compat.C.Types ( Basement/Compat/C/Types.hs, dist/build/Basement/Compat/C/Types.o, dist/build/Basement/Compat/C/Types.dyn_o )
[ 3 of 84] Compiling Basement.Compat.CallStack ( Basement/Compat/CallStack.hs, dist/build/Basement/Compat/CallStack.o, dist/build/Basement/Compat/CallStack.dyn_o )
[ 4 of 84] Compiling Basement.Compat.Identity ( Basement/Compat/Identity.hs, dist/build/Basement/Compat/Identity.o, dist/build/Basement/Compat/Identity.dyn_o )
[ 5 of 84] Compiling Basement.Compat.IsList ( Basement/Compat/IsList.hs, dist/build/Basement/Compat/IsList.o, dist/build/Basement/Compat/IsList.dyn_o )
[ 6 of 84] Compiling Basement.Compat.Natural ( Basement/Compat/Natural.hs, dist/build/Basement/Compat/Natural.o, dist/build/Basement/Compat/Natural.dyn_o )
[ 7 of 84] Compiling Basement.Compat.NumLiteral ( Basement/Compat/NumLiteral.hs, dist/build/Basement/Compat/NumLiteral.o, dist/build/Basement/Compat/NumLiteral.dyn_o )
[ 8 of 84] Compiling Basement.Compat.PrimTypes ( Basement/Compat/PrimTypes.hs, dist/build/Basement/Compat/PrimTypes.o, dist/build/Basement/Compat/PrimTypes.dyn_o )
[ 9 of 84] Compiling Basement.Compat.Primitive ( Basement/Compat/Primitive.hs, dist/build/Basement/Compat/Primitive.o, dist/build/Basement/Compat/Primitive.dyn_o )
[10 of 84] Compiling Basement.Compat.Semigroup ( Basement/Compat/Semigroup.hs, dist/build/Basement/Compat/Semigroup.o, dist/build/Basement/Compat/Semigroup.dyn_o )
[11 of 84] Compiling Basement.Compat.Typeable ( Basement/Compat/Typeable.hs, dist/build/Basement/Compat/Typeable.o, dist/build/Basement/Compat/Typeable.dyn_o )
[12 of 84] Compiling Basement.Compat.Base ( Basement/Compat/Base.hs, dist/build/Basement/Compat/Base.o, dist/build/Basement/Compat/Base.dyn_o )
[13 of 84] Compiling Basement.Compat.MonadTrans ( Basement/Compat/MonadTrans.hs, dist/build/Basement/Compat/MonadTrans.o, dist/build/Basement/Compat/MonadTrans.dyn_o )
[14 of 84] Compiling Basement.Compat.AMP ( Basement/Compat/AMP.hs, dist/build/Basement/Compat/AMP.o, dist/build/Basement/Compat/AMP.dyn_o )
[15 of 84] Compiling Basement.Endianness ( Basement/Endianness.hs, dist/build/Basement/Endianness.o, dist/build/Basement/Endianness.dyn_o )
[16 of 84] Compiling Basement.Floating ( Basement/Floating.hs, dist/build/Basement/Floating.o, dist/build/Basement/Floating.dyn_o )
[17 of 84] Compiling Basement.Monad   ( Basement/Monad.hs, dist/build/Basement/Monad.o, dist/build/Basement/Monad.dyn_o )
[18 of 84] Compiling Basement.FinalPtr ( Basement/FinalPtr.hs, dist/build/Basement/FinalPtr.o, dist/build/Basement/FinalPtr.dyn_o )
[19 of 84] Compiling Basement.Numerical.Conversion ( Basement/Numerical/Conversion.hs, dist/build/Basement/Numerical/Conversion.o, dist/build/Basement/Numerical/Conversion.dyn_o )
[20 of 84] Compiling Basement.Numerical.Number ( Basement/Numerical/Number.hs, dist/build/Basement/Numerical/Number.o, dist/build/Basement/Numerical/Number.dyn_o )
[21 of 84] Compiling Basement.IntegralConv ( Basement/IntegralConv.hs, dist/build/Basement/IntegralConv.o, dist/build/Basement/IntegralConv.dyn_o )
[22 of 84] Compiling Basement.Types.Char7 ( Basement/Types/Char7.hs, dist/build/Basement/Types/Char7.o, dist/build/Basement/Types/Char7.dyn_o )
[23 of 84] Compiling Basement.Base16  ( Basement/Base16.hs, dist/build/Basement/Base16.o, dist/build/Basement/Base16.dyn_o )
[24 of 84] Compiling Basement.Types.Word128 ( Basement/Types/Word128.hs, dist/build/Basement/Types/Word128.o, dist/build/Basement/Types/Word128.dyn_o )
[25 of 84] Compiling Basement.Types.Word256 ( Basement/Types/Word256.hs, dist/build/Basement/Types/Word256.o, dist/build/Basement/Types/Word256.dyn_o )
[26 of 84] Compiling Basement.Nat     ( Basement/Nat.hs, dist/build/Basement/Nat.o, dist/build/Basement/Nat.dyn_o )
[27 of 84] Compiling Basement.Bounded ( Basement/Bounded.hs, dist/build/Basement/Bounded.o, dist/build/Basement/Bounded.dyn_o )
[28 of 84] Compiling Basement.Numerical.Subtractive ( Basement/Numerical/Subtractive.hs, dist/build/Basement/Numerical/Subtractive.o, dist/build/Basement/Numerical/Subtractive.dyn_o )
[29 of 84] Compiling Basement.Numerical.Additive ( Basement/Numerical/Additive.hs, dist/build/Basement/Numerical/Additive.o, dist/build/Basement/Numerical/Additive.dyn_o )
[30 of 84] Compiling Basement.Numerical.Multiplicative ( Basement/Numerical/Multiplicative.hs, dist/build/Basement/Numerical/Multiplicative.o, dist/build/Basement/Numerical/Multiplicative.dyn_o )
[31 of 84] Compiling Basement.Types.OffsetSize ( Basement/Types/OffsetSize.hs, dist/build/Basement/Types/OffsetSize.o, dist/build/Basement/Types/OffsetSize.dyn_o )
[32 of 84] Compiling Basement.Types.Ptr ( Basement/Types/Ptr.hs, dist/build/Basement/Types/Ptr.o, dist/build/Basement/Types/Ptr.dyn_o )
[33 of 84] Compiling Basement.Terminal.Size ( dist/build/Basement/Terminal/Size.hs, dist/build/Basement/Terminal/Size.o, dist/build/Basement/Terminal/Size.dyn_o )
[34 of 84] Compiling Basement.Terminal ( Basement/Terminal.hs, dist/build/Basement/Terminal.o, dist/build/Basement/Terminal.dyn_o )
[35 of 84] Compiling Basement.Runtime ( Basement/Runtime.hs, dist/build/Basement/Runtime.o, dist/build/Basement/Runtime.dyn_o )
[36 of 84] Compiling Basement.PrimType ( Basement/PrimType.hs, dist/build/Basement/PrimType.o, dist/build/Basement/PrimType.dyn_o )
[37 of 84] Compiling Basement.MutableBuilder ( Basement/MutableBuilder.hs, dist/build/Basement/MutableBuilder.o, dist/build/Basement/MutableBuilder.dyn_o )
[38 of 84] Compiling Basement.Exception ( Basement/Exception.hs, dist/build/Basement/Exception.o, dist/build/Basement/Exception.dyn_o )
[39 of 84] Compiling Basement.NonEmpty ( Basement/NonEmpty.hs, dist/build/Basement/NonEmpty.o, dist/build/Basement/NonEmpty.dyn_o )
[40 of 84] Compiling Basement.Bindings.Memory ( Basement/Bindings/Memory.hs, dist/build/Basement/Bindings/Memory.o, dist/build/Basement/Bindings/Memory.dyn_o )
[41 of 84] Compiling Basement.Alg.Class ( Basement/Alg/Class.hs, dist/build/Basement/Alg/Class.o, dist/build/Basement/Alg/Class.dyn_o )
[42 of 84] Compiling Basement.Compat.ExtList ( Basement/Compat/ExtList.hs, dist/build/Basement/Compat/ExtList.o, dist/build/Basement/Compat/ExtList.dyn_o )
[43 of 84] Compiling Basement.Alg.XorShift ( Basement/Alg/XorShift.hs, dist/build/Basement/Alg/XorShift.o, dist/build/Basement/Alg/XorShift.dyn_o )
[44 of 84] Compiling Basement.Alg.PrimArray ( Basement/Alg/PrimArray.hs, dist/build/Basement/Alg/PrimArray.o, dist/build/Basement/Alg/PrimArray.dyn_o )
[45 of 84] Compiling Basement.Alg.Mutable ( Basement/Alg/Mutable.hs, dist/build/Basement/Alg/Mutable.o, dist/build/Basement/Alg/Mutable.dyn_o )
[46 of 84] Compiling Basement.NormalForm ( Basement/NormalForm.hs, dist/build/Basement/NormalForm.o, dist/build/Basement/NormalForm.dyn_o )
[47 of 84] Compiling Basement.These   ( Basement/These.hs, dist/build/Basement/These.o, dist/build/Basement/These.dyn_o )
[48 of 84] Compiling Basement.Sized.List ( Basement/Sized/List.hs, dist/build/Basement/Sized/List.o, dist/build/Basement/Sized/List.dyn_o )
[49 of 84] Compiling Basement.Block.Base ( Basement/Block/Base.hs, dist/build/Basement/Block/Base.o, dist/build/Basement/Block/Base.dyn_o )
[50 of 84] Compiling Basement.Cast    ( Basement/Cast.hs, dist/build/Basement/Cast.o, dist/build/Basement/Cast.dyn_o )
[51 of 84] Compiling Basement.Block.Mutable ( Basement/Block/Mutable.hs, dist/build/Basement/Block/Mutable.o, dist/build/Basement/Block/Mutable.dyn_o )
[52 of 84] Compiling Basement.Block   ( Basement/Block.hs, dist/build/Basement/Block.o, dist/build/Basement/Block.dyn_o )
[53 of 84] Compiling Basement.Sized.Block ( Basement/Sized/Block.hs, dist/build/Basement/Sized/Block.o, dist/build/Basement/Sized/Block.dyn_o )
[54 of 84] Compiling Basement.BlockN  ( Basement/BlockN.hs, dist/build/Basement/BlockN.o, dist/build/Basement/BlockN.dyn_o )
[55 of 84] Compiling Basement.Bits    ( Basement/Bits.hs, dist/build/Basement/Bits.o, dist/build/Basement/Bits.dyn_o )
[56 of 84] Compiling Basement.UArray.Base ( Basement/UArray/Base.hs, dist/build/Basement/UArray/Base.o, dist/build/Basement/UArray/Base.dyn_o )
[57 of 84] Compiling Basement.BoxedArray ( Basement/BoxedArray.hs, dist/build/Basement/BoxedArray.o, dist/build/Basement/BoxedArray.dyn_o )
[58 of 84] Compiling Basement.Sized.Vect ( Basement/Sized/Vect.hs, dist/build/Basement/Sized/Vect.o, dist/build/Basement/Sized/Vect.dyn_o )
[59 of 84] Compiling Basement.UArray.Mutable ( Basement/UArray/Mutable.hs, dist/build/Basement/UArray/Mutable.o, dist/build/Basement/UArray/Mutable.dyn_o )
[60 of 84] Compiling Basement.UArray  ( Basement/UArray.hs, dist/build/Basement/UArray.o, dist/build/Basement/UArray.dyn_o )
[61 of 84] Compiling Basement.Types.AsciiString ( Basement/Types/AsciiString.hs, dist/build/Basement/Types/AsciiString.o, dist/build/Basement/Types/AsciiString.dyn_o )
[62 of 84] Compiling Basement.String.Encoding.Encoding ( Basement/String/Encoding/Encoding.hs, dist/build/Basement/String/Encoding/Encoding.o, dist/build/Basement/String/Encoding/Encoding.dyn_o )
[63 of 84] Compiling Basement.String.Encoding.UTF32 ( Basement/String/Encoding/UTF32.hs, dist/build/Basement/String/Encoding/UTF32.o, dist/build/Basement/String/Encoding/UTF32.dyn_o )
[64 of 84] Compiling Basement.String.Encoding.UTF16 ( Basement/String/Encoding/UTF16.hs, dist/build/Basement/String/Encoding/UTF16.o, dist/build/Basement/String/Encoding/UTF16.dyn_o )
[65 of 84] Compiling Basement.String.Encoding.ISO_8859_1 ( Basement/String/Encoding/ISO_8859_1.hs, dist/build/Basement/String/Encoding/ISO_8859_1.o, dist/build/Basement/String/Encoding/ISO_8859_1.dyn_o )
[66 of 84] Compiling Basement.String.Encoding.ASCII7 ( Basement/String/Encoding/ASCII7.hs, dist/build/Basement/String/Encoding/ASCII7.o, dist/build/Basement/String/Encoding/ASCII7.dyn_o )
[67 of 84] Compiling Basement.Sized.UVect ( Basement/Sized/UVect.hs, dist/build/Basement/Sized/UVect.o, dist/build/Basement/Sized/UVect.dyn_o )
[68 of 84] Compiling Basement.UTF8.Types ( Basement/UTF8/Types.hs, dist/build/Basement/UTF8/Types.o, dist/build/Basement/UTF8/Types.dyn_o )
[69 of 84] Compiling Basement.UTF8.Table ( Basement/UTF8/Table.hs, dist/build/Basement/UTF8/Table.o, dist/build/Basement/UTF8/Table.dyn_o )
[70 of 84] Compiling Basement.UTF8.Helper ( Basement/UTF8/Helper.hs, dist/build/Basement/UTF8/Helper.o, dist/build/Basement/UTF8/Helper.dyn_o )
[71 of 84] Compiling Basement.Types.CharUTF8 ( Basement/Types/CharUTF8.hs, dist/build/Basement/Types/CharUTF8.o, dist/build/Basement/Types/CharUTF8.dyn_o )
[72 of 84] Compiling Basement.String.CaseMapping ( Basement/String/CaseMapping.hs, dist/build/Basement/String/CaseMapping.o, dist/build/Basement/String/CaseMapping.dyn_o )
[73 of 84] Compiling Basement.Alg.UTF8 ( Basement/Alg/UTF8.hs, dist/build/Basement/Alg/UTF8.o, dist/build/Basement/Alg/UTF8.dyn_o )
[74 of 84] Compiling Basement.UTF8.Base ( Basement/UTF8/Base.hs, dist/build/Basement/UTF8/Base.o, dist/build/Basement/UTF8/Base.dyn_o )
[75 of 84] Compiling Basement.Show    ( Basement/Show.hs, dist/build/Basement/Show.o, dist/build/Basement/Show.dyn_o )
[76 of 84] Compiling Basement.Error   ( Basement/Error.hs, dist/build/Basement/Error.o, dist/build/Basement/Error.dyn_o )
[77 of 84] Compiling Basement.Imports ( Basement/Imports.hs, dist/build/Basement/Imports.o, dist/build/Basement/Imports.dyn_o )
[78 of 84] Compiling Basement.Environment ( Basement/Environment.hs, dist/build/Basement/Environment.o, dist/build/Basement/Environment.dyn_o )
[79 of 84] Compiling Basement.Alg.String ( Basement/Alg/String.hs, dist/build/Basement/Alg/String.o, dist/build/Basement/Alg/String.dyn_o )
[80 of 84] Compiling Basement.String  ( Basement/String.hs, dist/build/Basement/String.o, dist/build/Basement/String.dyn_o )
[81 of 84] Compiling Basement.Terminal.ANSI ( Basement/Terminal/ANSI.hs, dist/build/Basement/Terminal/ANSI.o, dist/build/Basement/Terminal/ANSI.dyn_o )
[82 of 84] Compiling Basement.From    ( Basement/From.hs, dist/build/Basement/From.o, dist/build/Basement/From.dyn_o )
[83 of 84] Compiling Basement.Block.Builder ( Basement/Block/Builder.hs, dist/build/Basement/Block/Builder.o, dist/build/Basement/Block/Builder.dyn_o )
[84 of 84] Compiling Basement.String.Builder ( Basement/String/Builder.hs, dist/build/Basement/String/Builder.o, dist/build/Basement/String/Builder.dyn_o )
ld: warning: -single_module is obsolete
Installing library in /Users/diegosaa/GitHub/trader/.cabal/store/ghc-9.4.8/incoming/new-67505/Users/diegosaa/GitHub/trader/.cabal/store/ghc-9.4.8/bsmnt-0.0.16-62ea47ca/lib
