Configuring library for comonad-5.0.10...
Preprocessing library for comonad-5.0.10...
Building library for comonad-5.0.10...
[ 1 of 15] Compiling Control.Comonad  ( src/Control/Comonad.hs, dist/build/Control/Comonad.o, dist/build/Control/Comonad.dyn_o )
[ 2 of 15] Compiling Control.Comonad.Hoist.Class ( src/Control/Comonad/Hoist/Class.hs, dist/build/Control/Comonad/Hoist/Class.o, dist/build/Control/Comonad/Hoist/Class.dyn_o )
[ 3 of 15] Compiling Control.Comonad.Trans.Class ( src/Control/Comonad/Trans/Class.hs, dist/build/Control/Comonad/Trans/Class.o, dist/build/Control/Comonad/Trans/Class.dyn_o )
[ 4 of 15] Compiling Control.Comonad.Trans.Env ( src/Control/Comonad/Trans/Env.hs, dist/build/Control/Comonad/Trans/Env.o, dist/build/Control/Comonad/Trans/Env.dyn_o )
[ 5 of 15] Compiling Control.Comonad.Trans.Identity ( src/Control/Comonad/Trans/Identity.hs, dist/build/Control/Comonad/Trans/Identity.o, dist/build/Control/Comonad/Trans/Identity.dyn_o )
[ 6 of 15] Compiling Control.Comonad.Identity ( src/Control/Comonad/Identity.hs, dist/build/Control/Comonad/Identity.o, dist/build/Control/Comonad/Identity.dyn_o )
[ 7 of 15] Compiling Control.Comonad.Trans.Store ( src/Control/Comonad/Trans/Store.hs, dist/build/Control/Comonad/Trans/Store.o, dist/build/Control/Comonad/Trans/Store.dyn_o )
[ 8 of 15] Compiling Control.Comonad.Trans.Traced ( src/Control/Comonad/Trans/Traced.hs, dist/build/Control/Comonad/Trans/Traced.o, dist/build/Control/Comonad/Trans/Traced.dyn_o )
[ 9 of 15] Compiling Control.Comonad.Traced.Class ( src/Control/Comonad/Traced/Class.hs, dist/build/Control/Comonad/Traced/Class.o, dist/build/Control/Comonad/Traced/Class.dyn_o )
[10 of 15] Compiling Control.Comonad.Traced ( src/Control/Comonad/Traced.hs, dist/build/Control/Comonad/Traced.o, dist/build/Control/Comonad/Traced.dyn_o )
[11 of 15] Compiling Control.Comonad.Store.Class ( src/Control/Comonad/Store/Class.hs, dist/build/Control/Comonad/Store/Class.o, dist/build/Control/Comonad/Store/Class.dyn_o )
[12 of 15] Compiling Control.Comonad.Store ( src/Control/Comonad/Store.hs, dist/build/Control/Comonad/Store.o, dist/build/Control/Comonad/Store.dyn_o )
[13 of 15] Compiling Control.Comonad.Env.Class ( src/Control/Comonad/Env/Class.hs, dist/build/Control/Comonad/Env/Class.o, dist/build/Control/Comonad/Env/Class.dyn_o )
[14 of 15] Compiling Control.Comonad.Env ( src/Control/Comonad/Env.hs, dist/build/Control/Comonad/Env.o, dist/build/Control/Comonad/Env.dyn_o )
[15 of 15] Compiling Data.Functor.Composition ( src/Data/Functor/Composition.hs, dist/build/Data/Functor/Composition.o, dist/build/Data/Functor/Composition.dyn_o )
ld: warning: -single_module is obsolete
Installing library in /Users/diegosaa/GitHub/trader/.cabal/store/ghc-9.4.8/incoming/new-67505/Users/diegosaa/GitHub/trader/.cabal/store/ghc-9.4.8/cmnd-5.0.10-640722d8/lib
