Configuring library for uuid-1.3.16...
Preprocessing library for uuid-1.3.16...
Building library for uuid-1.3.16...
[1 of 8] Compiling Data.UUID        ( src/Data/UUID.hs, dist/build/Data/UUID.o, dist/build/Data/UUID.dyn_o )
[2 of 8] Compiling Data.UUID.Named  ( src/Data/UUID/Named.hs, dist/build/Data/UUID/Named.o, dist/build/Data/UUID/Named.dyn_o )

src/Data/UUID/Named.hs:31:1: warning: [-Wunused-imports]
    The import of ‘Control.Applicative’ is redundant
      except perhaps to import instances from ‘Control.Applicative’
    To import instances alone, use: import Control.Applicative()
   |
31 | import Control.Applicative ((<*>),(<$>))
   | ^^^^^^^^^^^^^^^^^^^^^^^^^^^^^^^^^^^^^^^^
[3 of 8] Compiling Data.UUID.V1     ( src/Data/UUID/V1.hs, dist/build/Data/UUID/V1.o, dist/build/Data/UUID/V1.dyn_o )

src/Data/UUID/V1.hs:34:1: warning: [-Wunused-imports]
    The import of ‘Control.Applicative’ is redundant
      except perhaps to import instances from ‘Control.Applicative’
    To import instances alone, use: import Control.Applicative()
   |
34 | import Control.Applicative ((<$>),(<*>))
   | ^^^^^^^^^^^^^^^^^^^^^^^^^^^^^^^^^^^^^^^^
[4 of 8] Compiling Data.UUID.V3     ( src/Data/UUID/V3.hs, dist/build/Data/UUID/V3.o, dist/build/Data/UUID/V3.dyn_o )
[5 of 8] Compiling Data.UUID.V4     ( src/Data/UUID/V4.hs, dist/build/Data/UUID/V4.o, dist/build/Data/UUID/V4.dyn_o )
[6 of 8] Compiling Data.UUID.V5     ( src/Data/UUID/V5.hs, dist/build/Data/UUID/V5.o, dist/build/Data/UUID/V5.dyn_o )
[7 of 8] Compiling Data.Word.Util   ( src/Data/Word/Util.hs, dist/build/Data/Word/Util.o, dist/build/Data/Word/Util.dyn_o )
[8 of 8] Compiling Data.UUID.Util   ( src/Data/UUID/Util.hs, dist/build/Data/UUID/Util.o, dist/build/Data/UUID/Util.dyn_o )
ld: warning: -single_module is obsolete
Installing library in /Users/diegosaa/GitHub/trader/.cabal/store/ghc-9.4.8/incoming/new-41764/Users/diegosaa/GitHub/trader/.cabal/store/ghc-9.4.8/d-1.3.16-9e7b6e12/lib
