Configuring library for ad-4.5.6...
Preprocessing library for ad-4.5.6...
Building library for ad-4.5.6...
[ 1 of 55] Compiling Numeric.AD.Internal.Doctest ( src/Numeric/AD/Internal/Doctest.hs, dist/build/Numeric/AD/Internal/Doctest.o, dist/build/Numeric/AD/Internal/Doctest.dyn_o )
[ 2 of 55] Compiling Numeric.AD.Internal.Sparse.Common ( src/Numeric/AD/Internal/Sparse/Common.hs, dist/build/Numeric/AD/Internal/Sparse/Common.o, dist/build/Numeric/AD/Internal/Sparse/Common.dyn_o )
[ 3 of 55] Compiling Numeric.AD.Jet   ( src/Numeric/AD/Jet.hs, dist/build/Numeric/AD/Jet.o, dist/build/Numeric/AD/Jet.dyn_o )
[ 4 of 55] Compiling Numeric.AD.Mode  ( src/Numeric/AD/Mode.hs, dist/build/Numeric/AD/Mode.o, dist/build/Numeric/AD/Mode.dyn_o )
[ 5 of 55] Compiling Numeric.AD.Jacobian ( src/Numeric/AD/Jacobian.hs, dist/build/Numeric/AD/Jacobian.o, dist/build/Numeric/AD/Jacobian.dyn_o )
[ 6 of 55] Compiling Numeric.AD.Internal.Type ( src/Numeric/AD/Internal/Type.hs, dist/build/Numeric/AD/Internal/Type.o, dist/build/Numeric/AD/Internal/Type.dyn_o )
[ 7 of 55] Compiling Numeric.AD.Internal.Or ( src/Numeric/AD/Internal/Or.hs, dist/build/Numeric/AD/Internal/Or.o, dist/build/Numeric/AD/Internal/Or.dyn_o )
[ 8 of 55] Compiling Numeric.AD.Internal.On ( src/Numeric/AD/Internal/On.hs, dist/build/Numeric/AD/Internal/On.o, dist/build/Numeric/AD/Internal/On.dyn_o )
[ 9 of 55] Compiling Numeric.AD.Internal.Identity ( src/Numeric/AD/Internal/Identity.hs, dist/build/Numeric/AD/Internal/Identity.o, dist/build/Numeric/AD/Internal/Identity.dyn_o )
[10 of 55] Compiling Numeric.AD.Internal.Combinators ( src/Numeric/AD/Internal/Combinators.hs, dist/build/Numeric/AD/Internal/Combinators.o, dist/build/Numeric/AD/Internal/Combinators.dyn_o )
[11 of 55] Compiling Numeric.AD.Internal.Tower.Double ( src/Numeric/AD/Internal/Tower/Double.hs, dist/build/Numeric/AD/Internal/Tower/Double.o, dist/build/Numeric/AD/Internal/Tower/Double.dyn_o )
[12 of 55] Compiling Numeric.AD.Internal.Tower ( src/Numeric/AD/Internal/Tower.hs, dist/build/Numeric/AD/Internal/Tower.o, dist/build/Numeric/AD/Internal/Tower.dyn_o )
[13 of 55] Compiling Numeric.AD.Internal.Sparse.Double ( src/Numeric/AD/Internal/Sparse/Double.hs, dist/build/Numeric/AD/Internal/Sparse/Double.o, dist/build/Numeric/AD/Internal/Sparse/Double.dyn_o )
[14 of 55] Compiling Numeric.AD.Internal.Sparse ( src/Numeric/AD/Internal/Sparse.hs, dist/build/Numeric/AD/Internal/Sparse.o, dist/build/Numeric/AD/Internal/Sparse.dyn_o )
[15 of 55] Compiling Numeric.AD.Internal.Reverse.Double ( src/Numeric/AD/Internal/Reverse/Double.hs, dist/build/Numeric/AD/Internal/Reverse/Double.o, dist/build/Numeric/AD/Internal/Reverse/Double.dyn_o )
[16 of 55] Compiling Numeric.AD.Internal.Reverse ( src/Numeric/AD/Internal/Reverse.hs, dist/build/Numeric/AD/Internal/Reverse.o, dist/build/Numeric/AD/Internal/Reverse.dyn_o )
[17 of 55] Compiling Numeric.AD.Internal.Kahn.Float ( src/Numeric/AD/Internal/Kahn/Float.hs, dist/build/Numeric/AD/Internal/Kahn/Float.o, dist/build/Numeric/AD/Internal/Kahn/Float.dyn_o )
[18 of 55] Compiling Numeric.AD.Internal.Kahn.Double ( src/Numeric/AD/Internal/Kahn/Double.hs, dist/build/Numeric/AD/Internal/Kahn/Double.o, dist/build/Numeric/AD/Internal/Kahn/Double.dyn_o )
[19 of 55] Compiling Numeric.AD.Internal.Kahn ( src/Numeric/AD/Internal/Kahn.hs, dist/build/Numeric/AD/Internal/Kahn.o, dist/build/Numeric/AD/Internal/Kahn.dyn_o )
[20 of 55] Compiling Numeric.AD.Internal.Forward.Double ( src/Numeric/AD/Internal/Forward/Double.hs, dist/build/Numeric/AD/Internal/Forward/Double.o, dist/build/Numeric/AD/Internal/Forward/Double.dyn_o )
[21 of 55] Compiling Numeric.AD.Internal.Forward ( src/Numeric/AD/Internal/Forward.hs, dist/build/Numeric/AD/Internal/Forward.o, dist/build/Numeric/AD/Internal/Forward.dyn_o )
[22 of 55] Compiling Numeric.AD.Internal.Dense.Representable ( src/Numeric/AD/Internal/Dense/Representable.hs, dist/build/Numeric/AD/Internal/Dense/Representable.o, dist/build/Numeric/AD/Internal/Dense/Representable.dyn_o )
[23 of 55] Compiling Numeric.AD.Internal.Dense ( src/Numeric/AD/Internal/Dense.hs, dist/build/Numeric/AD/Internal/Dense.o, dist/build/Numeric/AD/Internal/Dense.dyn_o )
[24 of 55] Compiling Numeric.AD.Mode.Reverse ( src/Numeric/AD/Mode/Reverse.hs, dist/build/Numeric/AD/Mode/Reverse.o, dist/build/Numeric/AD/Mode/Reverse.dyn_o )
[25 of 55] Compiling Numeric.AD.Mode.Reverse.Double ( src/Numeric/AD/Mode/Reverse/Double.hs, dist/build/Numeric/AD/Mode/Reverse/Double.o, dist/build/Numeric/AD/Mode/Reverse/Double.dyn_o )
[26 of 55] Compiling Numeric.AD.Rank1.Dense ( src/Numeric/AD/Rank1/Dense.hs, dist/build/Numeric/AD/Rank1/Dense.o, dist/build/Numeric/AD/Rank1/Dense.dyn_o )
[27 of 55] Compiling Numeric.AD.Mode.Dense ( src/Numeric/AD/Mode/Dense.hs, dist/build/Numeric/AD/Mode/Dense.o, dist/build/Numeric/AD/Mode/Dense.dyn_o )
[28 of 55] Compiling Numeric.AD.Rank1.Dense.Representable ( src/Numeric/AD/Rank1/Dense/Representable.hs, dist/build/Numeric/AD/Rank1/Dense/Representable.o, dist/build/Numeric/AD/Rank1/Dense/Representable.dyn_o )
[29 of 55] Compiling Numeric.AD.Mode.Dense.Representable ( src/Numeric/AD/Mode/Dense/Representable.hs, dist/build/Numeric/AD/Mode/Dense/Representable.o, dist/build/Numeric/AD/Mode/Dense/Representable.dyn_o )
[30 of 55] Compiling Numeric.AD.Rank1.Forward ( src/Numeric/AD/Rank1/Forward.hs, dist/build/Numeric/AD/Rank1/Forward.o, dist/build/Numeric/AD/Rank1/Forward.dyn_o )
[31 of 55] Compiling Numeric.AD.Mode.Forward ( src/Numeric/AD/Mode/Forward.hs, dist/build/Numeric/AD/Mode/Forward.o, dist/build/Numeric/AD/Mode/Forward.dyn_o )
[32 of 55] Compiling Numeric.AD.Rank1.Forward.Double ( src/Numeric/AD/Rank1/Forward/Double.hs, dist/build/Numeric/AD/Rank1/Forward/Double.o, dist/build/Numeric/AD/Rank1/Forward/Double.dyn_o )
[33 of 55] Compiling Numeric.AD.Mode.Forward.Double ( src/Numeric/AD/Mode/Forward/Double.hs, dist/build/Numeric/AD/Mode/Forward/Double.o, dist/build/Numeric/AD/Mode/Forward/Double.dyn_o )
[34 of 55] Compiling Numeric.AD.Rank1.Kahn ( src/Numeric/AD/Rank1/Kahn.hs, dist/build/Numeric/AD/Rank1/Kahn.o, dist/build/Numeric/AD/Rank1/Kahn.dyn_o )
[35 of 55] Compiling Numeric.AD.Mode.Kahn ( src/Numeric/AD/Mode/Kahn.hs, dist/build/Numeric/AD/Mode/Kahn.o, dist/build/Numeric/AD/Mode/Kahn.dyn_o )
[36 of 55] Compiling Numeric.AD.Rank1.Kahn.Double ( src/Numeric/AD/Rank1/Kahn/Double.hs, dist/build/Numeric/AD/Rank1/Kahn/Double.o, dist/build/Numeric/AD/Rank1/Kahn/Double.dyn_o )
[37 of 55] Compiling Numeric.AD.Mode.Kahn.Double ( src/Numeric/AD/Mode/Kahn/Double.hs, dist/build/Numeric/AD/Mode/Kahn/Double.o, dist/build/Numeric/AD/Mode/Kahn/Double.dyn_o )
[38 of 55] Compiling Numeric.AD.Rank1.Kahn.Float ( src/Numeric/AD/Rank1/Kahn/Float.hs, dist/build/Numeric/AD/Rank1/Kahn/Float.o, dist/build/Numeric/AD/Rank1/Kahn/Float.dyn_o )
[39 of 55] Compiling Numeric.AD.Rank1.Newton ( src/Numeric/AD/Rank1/Newton.hs, dist/build/Numeric/AD/Rank1/Newton.o, dist/build/Numeric/AD/Rank1/Newton.dyn_o )
[40 of 55] Compiling Numeric.AD.Newton ( src/Numeric/AD/Newton.hs, dist/build/Numeric/AD/Newton.o, dist/build/Numeric/AD/Newton.dyn_o )
[41 of 55] Compiling Numeric.AD.Rank1.Newton.Double ( src/Numeric/AD/Rank1/Newton/Double.hs, dist/build/Numeric/AD/Rank1/Newton/Double.o, dist/build/Numeric/AD/Rank1/Newton/Double.dyn_o )
[42 of 55] Compiling Numeric.AD.Newton.Double ( src/Numeric/AD/Newton/Double.hs, dist/build/Numeric/AD/Newton/Double.o, dist/build/Numeric/AD/Newton/Double.dyn_o )
[43 of 55] Compiling Numeric.AD.Rank1.Sparse ( src/Numeric/AD/Rank1/Sparse.hs, dist/build/Numeric/AD/Rank1/Sparse.o, dist/build/Numeric/AD/Rank1/Sparse.dyn_o )
[44 of 55] Compiling Numeric.AD.Mode.Sparse ( src/Numeric/AD/Mode/Sparse.hs, dist/build/Numeric/AD/Mode/Sparse.o, dist/build/Numeric/AD/Mode/Sparse.dyn_o )
[45 of 55] Compiling Numeric.AD.Rank1.Sparse.Double ( src/Numeric/AD/Rank1/Sparse/Double.hs, dist/build/Numeric/AD/Rank1/Sparse/Double.o, dist/build/Numeric/AD/Rank1/Sparse/Double.dyn_o )
[46 of 55] Compiling Numeric.AD.Mode.Sparse.Double ( src/Numeric/AD/Mode/Sparse/Double.hs, dist/build/Numeric/AD/Mode/Sparse/Double.o, dist/build/Numeric/AD/Mode/Sparse/Double.dyn_o )
[47 of 55] Compiling Numeric.AD.Rank1.Tower ( src/Numeric/AD/Rank1/Tower.hs, dist/build/Numeric/AD/Rank1/Tower.o, dist/build/Numeric/AD/Rank1/Tower.dyn_o )
[48 of 55] Compiling Numeric.AD.Rank1.Halley ( src/Numeric/AD/Rank1/Halley.hs, dist/build/Numeric/AD/Rank1/Halley.o, dist/build/Numeric/AD/Rank1/Halley.dyn_o )
[49 of 55] Compiling Numeric.AD.Mode.Tower ( src/Numeric/AD/Mode/Tower.hs, dist/build/Numeric/AD/Mode/Tower.o, dist/build/Numeric/AD/Mode/Tower.dyn_o )
[50 of 55] Compiling Numeric.AD       ( src/Numeric/AD.hs, dist/build/Numeric/AD.o, dist/build/Numeric/AD.dyn_o )
[51 of 55] Compiling Numeric.AD.Rank1.Tower.Double ( src/Numeric/AD/Rank1/Tower/Double.hs, dist/build/Numeric/AD/Rank1/Tower/Double.o, dist/build/Numeric/AD/Rank1/Tower/Double.dyn_o )
[52 of 55] Compiling Numeric.AD.Rank1.Halley.Double ( src/Numeric/AD/Rank1/Halley/Double.hs, dist/build/Numeric/AD/Rank1/Halley/Double.o, dist/build/Numeric/AD/Rank1/Halley/Double.dyn_o )
[53 of 55] Compiling Numeric.AD.Halley.Double ( src/Numeric/AD/Halley/Double.hs, dist/build/Numeric/AD/Halley/Double.o, dist/build/Numeric/AD/Halley/Double.dyn_o )
[54 of 55] Compiling Numeric.AD.Mode.Tower.Double ( src/Numeric/AD/Mode/Tower/Double.hs, dist/build/Numeric/AD/Mode/Tower/Double.o, dist/build/Numeric/AD/Mode/Tower/Double.dyn_o )
[55 of 55] Compiling Numeric.AD.Double ( src/Numeric/AD/Double.hs, dist/build/Numeric/AD/Double.o, dist/build/Numeric/AD/Double.dyn_o )
ld: warning: -single_module is obsolete
Installing library in /Users/diegosaa/GitHub/trader/.cabal/store/ghc-9.4.8/incoming/new-67505/Users/diegosaa/GitHub/trader/.cabal/store/ghc-9.4.8/d-4.5.6-403eba6c/lib
