Configuring unix-time-0.4.17...
checking for gcc... /usr/bin/gcc
checking whether the C compiler works... yes
checking for C compiler default output file name... a.out
checking for suffix of executables... 
checking whether we are cross compiling... no
checking for suffix of object files... o
checking whether we are using the GNU C compiler... yes
checking whether /usr/bin/gcc accepts -g... yes
checking for /usr/bin/gcc option to accept ISO C89... none needed
checking how to run the C preprocessor... /usr/bin/gcc -E
checking for grep that handles long lines and -e... /usr/bin/grep
checking for egrep... /usr/bin/grep -E
checking for ANSI C header files... yes
checking for sys/types.h... yes
checking for sys/stat.h... yes
checking for stdlib.h... yes
checking for string.h... yes
checking for memory.h... yes
checking for strings.h... yes
checking for inttypes.h... yes
checking for stdint.h... yes
checking for unistd.h... yes
checking xlocale.h usability... yes
checking xlocale.h presence... yes
checking for xlocale.h... yes
checking for strptime_l... yes
checking for timegm... yes
checking whether _mkgmtime is declared... no
checking for _get_current_locale... no
checking for _create_locale... no
checking for strtol_l... yes
checking for strtoll_l... yes
checking for _isspace_l... no
checking for _isupper_l... no
checking for _isdigit_l... no
checking for _isblank_l... no
configure: creating ./config.status
config.status: creating cbits/config.h
Preprocessing library for unix-time-0.4.17...
Building library for unix-time-0.4.17...
[1 of 5] Compiling Data.UnixTime.Types ( dist/build/Data/UnixTime/Types.hs, dist/build/Data/UnixTime/Types.o, dist/build/Data/UnixTime/Types.dyn_o )

Data/UnixTime/Types.hsc:5:1: warning: [-Wunused-imports]
    The import of ‘Control.Applicative’ is redundant
      except perhaps to import instances from ‘Control.Applicative’
    To import instances alone, use: import Control.Applicative()
  |
5 | import Control.Applicative ((<$>), (<*>))
  | ^^^^^^^^^^^^^^^^^^^^^^^^^^^^^^^^^^^^^^^^^
[2 of 5] Compiling Data.UnixTime.Sys ( dist/build/Data/UnixTime/Sys.hs, dist/build/Data/UnixTime/Sys.o, dist/build/Data/UnixTime/Sys.dyn_o )
[3 of 5] Compiling Data.UnixTime.Diff ( Data/UnixTime/Diff.hs, dist/build/Data/UnixTime/Diff.o, dist/build/Data/UnixTime/Diff.dyn_o )

Data/UnixTime/Diff.hs:48:11: warning: [-Winline-rule-shadowing]
    Rule "Integral->UnixDiffTime" may never fire
      because ‘fromIntegral’ might inline first
    Suggested fix:
      Add an INLINE[n] or NOINLINE[n] pragma for ‘fromIntegral’
   |
48 | {-# RULES "Integral->UnixDiffTime" fromIntegral = secondsToUnixDiffTime #-}
   |           ^^^^^^^^^^^^^^^^^^^^^^^^^^^^^^^^^^^^^^^^^^^^^^^^^^^^^^^^^^^^^
[4 of 5] Compiling Data.UnixTime.Conv ( Data/UnixTime/Conv.hs, dist/build/Data/UnixTime/Conv.o, dist/build/Data/UnixTime/Conv.dyn_o )

Data/UnixTime/Conv.hs:17:1: warning: [-Wunused-imports]
    The import of ‘Control.Applicative’ is redundant
      except perhaps to import instances from ‘Control.Applicative’
    To import instances alone, use: import Control.Applicative()
   |
17 | import Control.Applicative
   | ^^^^^^^^^^^^^^^^^^^^^^^^^^
[5 of 5] Compiling Data.UnixTime    ( Data/UnixTime.hs, dist/build/Data/UnixTime.o, dist/build/Data/UnixTime.dyn_o )
ld: warning: -single_module is obsolete
Installing library in /Users/diegosaa/GitHub/trader/.cabal/store/ghc-9.4.8/incoming/new-67505/Users/diegosaa/GitHub/trader/.cabal/store/ghc-9.4.8/nx-tm-0.4.17-2c3fdda4/lib
