Configuring library for profunctors-5.6.3...
Preprocessing library for profunctors-5.6.3...
Building library for profunctors-5.6.3...
[ 1 of 16] Compiling Data.Profunctor.Unsafe ( src/Data/Profunctor/Unsafe.hs, dist/build/Data/Profunctor/Unsafe.o, dist/build/Data/Profunctor/Unsafe.dyn_o )
[ 2 of 16] Compiling Data.Profunctor.Types ( src/Data/Profunctor/Types.hs, dist/build/Data/Profunctor/Types.o, dist/build/Data/Profunctor/Types.dyn_o )
[ 3 of 16] Compiling Data.Profunctor.Monad ( src/Data/Profunctor/Monad.hs, dist/build/Data/Profunctor/Monad.o, dist/build/Data/Profunctor/Monad.dyn_o )
[ 4 of 16] Compiling Data.Profunctor.Adjunction ( src/Data/Profunctor/Adjunction.hs, dist/build/Data/Profunctor/Adjunction.o, dist/build/Data/Profunctor/Adjunction.dyn_o )
[ 5 of 16] Compiling Data.Profunctor.Strong ( src/Data/Profunctor/Strong.hs, dist/build/Data/Profunctor/Strong.o, dist/build/Data/Profunctor/Strong.dyn_o )
[ 6 of 16] Compiling Data.Profunctor.Closed ( src/Data/Profunctor/Closed.hs, dist/build/Data/Profunctor/Closed.o, dist/build/Data/Profunctor/Closed.dyn_o )
[ 7 of 16] Compiling Data.Profunctor.Choice ( src/Data/Profunctor/Choice.hs, dist/build/Data/Profunctor/Choice.o, dist/build/Data/Profunctor/Choice.dyn_o )
[ 8 of 16] Compiling Data.Profunctor.Traversing ( src/Data/Profunctor/Traversing.hs, dist/build/Data/Profunctor/Traversing.o, dist/build/Data/Profunctor/Traversing.dyn_o )
[ 9 of 16] Compiling Data.Profunctor.Mapping ( src/Data/Profunctor/Mapping.hs, dist/build/Data/Profunctor/Mapping.o, dist/build/Data/Profunctor/Mapping.dyn_o )
[10 of 16] Compiling Data.Profunctor  ( src/Data/Profunctor.hs, dist/build/Data/Profunctor.o, dist/build/Data/Profunctor.dyn_o )
[11 of 16] Compiling Data.Profunctor.Sieve ( src/Data/Profunctor/Sieve.hs, dist/build/Data/Profunctor/Sieve.o, dist/build/Data/Profunctor/Sieve.dyn_o )
[12 of 16] Compiling Data.Profunctor.Rep ( src/Data/Profunctor/Rep.hs, dist/build/Data/Profunctor/Rep.o, dist/build/Data/Profunctor/Rep.dyn_o )
[13 of 16] Compiling Data.Profunctor.Composition ( src/Data/Profunctor/Composition.hs, dist/build/Data/Profunctor/Composition.o, dist/build/Data/Profunctor/Composition.dyn_o )
[14 of 16] Compiling Data.Profunctor.Ran ( src/Data/Profunctor/Ran.hs, dist/build/Data/Profunctor/Ran.o, dist/build/Data/Profunctor/Ran.dyn_o )
[15 of 16] Compiling Data.Profunctor.Cayley ( src/Data/Profunctor/Cayley.hs, dist/build/Data/Profunctor/Cayley.o, dist/build/Data/Profunctor/Cayley.dyn_o )
[16 of 16] Compiling Data.Profunctor.Yoneda ( src/Data/Profunctor/Yoneda.hs, dist/build/Data/Profunctor/Yoneda.o, dist/build/Data/Profunctor/Yoneda.dyn_o )
ld: warning: -single_module is obsolete
Installing library in /Users/diegosaa/GitHub/trader/.cabal/store/ghc-9.4.8/incoming/new-67505/Users/diegosaa/GitHub/trader/.cabal/store/ghc-9.4.8/prfnctrs-5.6.3-4895d642/lib
