Configuring library for aeson-2.2.3.0...
Preprocessing library for aeson-2.2.3.0...
Building library for aeson-2.2.3.0...
[ 1 of 32] Compiling Data.Aeson.Internal.ByteString ( src/Data/Aeson/Internal/ByteString.hs, dist/build/Data/Aeson/Internal/ByteString.o, dist/build/Data/Aeson/Internal/ByteString.dyn_o )
[ 2 of 32] Compiling Data.Aeson.Internal.Functions ( src/Data/Aeson/Internal/Functions.hs, dist/build/Data/Aeson/Internal/Functions.o, dist/build/Data/Aeson/Internal/Functions.dyn_o )
[ 3 of 32] Compiling Data.Aeson.Internal.Prelude ( src/Data/Aeson/Internal/Prelude.hs, dist/build/Data/Aeson/Internal/Prelude.o, dist/build/Data/Aeson/Internal/Prelude.dyn_o )
[ 4 of 32] Compiling Data.Aeson.Internal.Scientific ( src/Data/Aeson/Internal/Scientific.hs, dist/build/Data/Aeson/Internal/Scientific.o, dist/build/Data/Aeson/Internal/Scientific.dyn_o )
[ 5 of 32] Compiling Data.Aeson.Internal.TH ( src/Data/Aeson/Internal/TH.hs, dist/build/Data/Aeson/Internal/TH.o, dist/build/Data/Aeson/Internal/TH.dyn_o )
[ 6 of 32] Compiling Data.Aeson.Internal.Text ( src/Data/Aeson/Internal/Text.hs, dist/build/Data/Aeson/Internal/Text.o, dist/build/Data/Aeson/Internal/Text.dyn_o )
[ 7 of 32] Compiling Data.Aeson.Internal.Unescape ( src/Data/Aeson/Internal/Unescape.hs, dist/build/Data/Aeson/Internal/Unescape.o, dist/build/Data/Aeson/Internal/Unescape.dyn_o )
[ 8 of 32] Compiling Data.Aeson.Internal.UnescapeFromText ( src/Data/Aeson/Internal/UnescapeFromText.hs, dist/build/Data/Aeson/Internal/UnescapeFromText.o, dist/build/Data/Aeson/Internal/UnescapeFromText.dyn_o )
[ 9 of 32] Compiling Data.Aeson.Key   ( src/Data/Aeson/Key.hs, dist/build/Data/Aeson/Key.o, dist/build/Data/Aeson/Key.dyn_o )
[10 of 32] Compiling Data.Aeson.Decoding.Tokens ( src/Data/Aeson/Decoding/Tokens.hs, dist/build/Data/Aeson/Decoding/Tokens.o, dist/build/Data/Aeson/Decoding/Tokens.dyn_o )
[11 of 32] Compiling Data.Aeson.Decoding.Internal ( src/Data/Aeson/Decoding/Internal.hs, dist/build/Data/Aeson/Decoding/Internal.o, dist/build/Data/Aeson/Decoding/Internal.dyn_o )
[12 of 32] Compiling Data.Aeson.Decoding.Text ( src/Data/Aeson/Decoding/Text.hs, dist/build/Data/Aeson/Decoding/Text.o, dist/build/Data/Aeson/Decoding/Text.dyn_o )
[13 of 32] Compiling Data.Aeson.Decoding.ByteString.Lazy ( src/Data/Aeson/Decoding/ByteString/Lazy.hs, dist/build/Data/Aeson/Decoding/ByteString/Lazy.o, dist/build/Data/Aeson/Decoding/ByteString/Lazy.dyn_o )
[14 of 32] Compiling Data.Aeson.Decoding.ByteString ( src/Data/Aeson/Decoding/ByteString.hs, dist/build/Data/Aeson/Decoding/ByteString.o, dist/build/Data/Aeson/Decoding/ByteString.dyn_o )
[15 of 32] Compiling Data.Aeson.KeyMap ( src/Data/Aeson/KeyMap.hs, dist/build/Data/Aeson/KeyMap.o, dist/build/Data/Aeson/KeyMap.dyn_o )
[16 of 32] Compiling Data.Aeson.Types.Generic ( src/Data/Aeson/Types/Generic.hs, dist/build/Data/Aeson/Types/Generic.o, dist/build/Data/Aeson/Types/Generic.dyn_o )
[17 of 32] Compiling Data.Aeson.Types.Internal ( src/Data/Aeson/Types/Internal.hs, dist/build/Data/Aeson/Types/Internal.o, dist/build/Data/Aeson/Types/Internal.dyn_o )
[18 of 32] Compiling Data.Aeson.Parser.Time ( src/Data/Aeson/Parser/Time.hs, dist/build/Data/Aeson/Parser/Time.o, dist/build/Data/Aeson/Parser/Time.dyn_o )
[19 of 32] Compiling Data.Aeson.Encoding.Builder ( src/Data/Aeson/Encoding/Builder.hs, dist/build/Data/Aeson/Encoding/Builder.o, dist/build/Data/Aeson/Encoding/Builder.dyn_o )
[20 of 32] Compiling Data.Aeson.Encoding.Internal ( src/Data/Aeson/Encoding/Internal.hs, dist/build/Data/Aeson/Encoding/Internal.o, dist/build/Data/Aeson/Encoding/Internal.dyn_o )
[21 of 32] Compiling Data.Aeson.Encoding ( src/Data/Aeson/Encoding.hs, dist/build/Data/Aeson/Encoding.o, dist/build/Data/Aeson/Encoding.dyn_o )
[22 of 32] Compiling Data.Aeson.Decoding.Conversion ( src/Data/Aeson/Decoding/Conversion.hs, dist/build/Data/Aeson/Decoding/Conversion.o, dist/build/Data/Aeson/Decoding/Conversion.dyn_o )
[23 of 32] Compiling Data.Aeson.Types.FromJSON ( src/Data/Aeson/Types/FromJSON.hs, dist/build/Data/Aeson/Types/FromJSON.o, dist/build/Data/Aeson/Types/FromJSON.dyn_o )
[24 of 32] Compiling Data.Aeson.Types.ToJSON ( src/Data/Aeson/Types/ToJSON.hs, dist/build/Data/Aeson/Types/ToJSON.o, dist/build/Data/Aeson/Types/ToJSON.dyn_o )
[25 of 32] Compiling Data.Aeson.Types.Class ( src/Data/Aeson/Types/Class.hs, dist/build/Data/Aeson/Types/Class.o, dist/build/Data/Aeson/Types/Class.dyn_o )
[26 of 32] Compiling Data.Aeson.Types ( src/Data/Aeson/Types.hs, dist/build/Data/Aeson/Types.o, dist/build/Data/Aeson/Types.dyn_o )
[27 of 32] Compiling Data.Aeson.Text  ( src/Data/Aeson/Text.hs, dist/build/Data/Aeson/Text.o, dist/build/Data/Aeson/Text.dyn_o )
[28 of 32] Compiling Data.Aeson.Decoding ( src/Data/Aeson/Decoding.hs, dist/build/Data/Aeson/Decoding.o, dist/build/Data/Aeson/Decoding.dyn_o )
[29 of 32] Compiling Data.Aeson       ( src/Data/Aeson.hs, dist/build/Data/Aeson.o, dist/build/Data/Aeson.dyn_o )
[30 of 32] Compiling Data.Aeson.RFC8785 ( src/Data/Aeson/RFC8785.hs, dist/build/Data/Aeson/RFC8785.o, dist/build/Data/Aeson/RFC8785.dyn_o )
[31 of 32] Compiling Data.Aeson.QQ.Simple ( src/Data/Aeson/QQ/Simple.hs, dist/build/Data/Aeson/QQ/Simple.o, dist/build/Data/Aeson/QQ/Simple.dyn_o )
[32 of 32] Compiling Data.Aeson.TH    ( src/Data/Aeson/TH.hs, dist/build/Data/Aeson/TH.o, dist/build/Data/Aeson/TH.dyn_o )

src/Data/Aeson/TH.hs:948:7: warning: [-Wincomplete-uni-patterns]
    Pattern match(es) are non-exhaustive
    In a pattern binding: Patterns of type ‘[Q Exp]’ not matched: []
    |
948 |       x:xs = [ lookupField argTy
    |       ^^^^^^^^^^^^^^^^^^^^^^^^^^...

src/Data/Aeson/TH.hs:1064:14: warning: [-Wincomplete-uni-patterns]
    Pattern match(es) are non-exhaustive
    In a pattern binding: Patterns of type ‘[Q Exp]’ not matched: []
     |
1064 |          let x:xs = [ dispatchParseJSON jc conName tvMap argTy
     |              ^^^^^^^^^^^^^^^^^^^^^^^^^^^^^^^^^^^^^^^^^^^^^^^^^...
ld: warning: -single_module is obsolete
Installing library in /Users/diegosaa/GitHub/trader/.cabal/store/ghc-9.4.8/incoming/new-67505/Users/diegosaa/GitHub/trader/.cabal/store/ghc-9.4.8/sn-2.2.3.0-5c6b8c73/lib
