Configuring library for strict-0.5.1...
Preprocessing library for strict-0.5.1...
Building library for strict-0.5.1...
[1 of 7] Compiling Data.Strict.Either ( src/Data/Strict/Either.hs, dist/build/Data/Strict/Either.o, dist/build/Data/Strict/Either.dyn_o )
[2 of 7] Compiling Data.Strict.Maybe ( src/Data/Strict/Maybe.hs, dist/build/Data/Strict/Maybe.o, dist/build/Data/Strict/Maybe.dyn_o )
[3 of 7] Compiling Data.Strict.These ( src/Data/Strict/These.hs, dist/build/Data/Strict/These.o, dist/build/Data/Strict/These.dyn_o )
[4 of 7] Compiling Data.Strict.Tuple ( src/Data/Strict/Tuple.hs, dist/build/Data/Strict/Tuple.o, dist/build/Data/Strict/Tuple.dyn_o )

src/Data/Strict/Tuple.hs:124:3: warning: [-Wnoncanonical-monoid-instances]
    Noncanonical ‘mappend’ definition detected
    in the instance declaration for ‘Monoid (Pair a b)’.
    ‘mappend’ will eventually be removed in favour of ‘(<>)’
    Either remove definition for ‘mappend’ (recommended) or define as ‘mappend = (<>)’
    See also: https://gitlab.haskell.org/ghc/ghc/-/wikis/proposal/semigroup-monoid
    |
124 |   (x1 :!: y1) `mappend` (x2 :!: y2) = (x1 `mappend` x2) :!: (y1 `mappend` y2)
    |   ^^^^^^^^^^^^^^^^^^^^^^^^^^^^^^^^^^^^^^^^^^^^^^^^^^^^^^^^^^^^^^^^^^^^^^^^^^^
[5 of 7] Compiling Data.Strict.Classes ( src/Data/Strict/Classes.hs, dist/build/Data/Strict/Classes.o, dist/build/Data/Strict/Classes.dyn_o )
[6 of 7] Compiling Data.Strict      ( src/Data/Strict.hs, dist/build/Data/Strict.o, dist/build/Data/Strict.dyn_o )
[7 of 7] Compiling System.IO.Strict ( src/System/IO/Strict.hs, dist/build/System/IO/Strict.o, dist/build/System/IO/Strict.dyn_o )
ld: warning: -single_module is obsolete
Installing library in /Users/diegosaa/GitHub/trader/.cabal/store/ghc-9.4.8/incoming/new-67505/Users/diegosaa/GitHub/trader/.cabal/store/ghc-9.4.8/strct-0.5.1-88c3aecb/lib
