Configuring library for vector-0.13.2.0...
Preprocessing library for vector-0.13.2.0...
Building library for vector-0.13.2.0...
[ 1 of 23] Compiling Data.Vector.Fusion.Stream.Monadic ( src/Data/Vector/Fusion/Stream/Monadic.hs, dist/build/Data/Vector/Fusion/Stream/Monadic.o, dist/build/Data/Vector/Fusion/Stream/Monadic.dyn_o )
[ 2 of 23] Compiling Data.Vector.Fusion.Util ( src/Data/Vector/Fusion/Util.hs, dist/build/Data/Vector/Fusion/Util.o, dist/build/Data/Vector/Fusion/Util.dyn_o )
[ 3 of 23] Compiling Data.Vector.Fusion.Bundle.Size ( src/Data/Vector/Fusion/Bundle/Size.hs, dist/build/Data/Vector/Fusion/Bundle/Size.o, dist/build/Data/Vector/Fusion/Bundle/Size.dyn_o )
[ 4 of 23] Compiling Data.Vector.Generic.Mutable.Base ( src/Data/Vector/Generic/Mutable/Base.hs, dist/build/Data/Vector/Generic/Mutable/Base.o, dist/build/Data/Vector/Generic/Mutable/Base.dyn_o )
[ 5 of 23] Compiling Data.Vector.Generic.Base ( src/Data/Vector/Generic/Base.hs, dist/build/Data/Vector/Generic/Base.o, dist/build/Data/Vector/Generic/Base.dyn_o )
[ 6 of 23] Compiling Data.Vector.Internal.Check ( src/Data/Vector/Internal/Check.hs, dist/build/Data/Vector/Internal/Check.o, dist/build/Data/Vector/Internal/Check.dyn_o )
[ 7 of 23] Compiling Data.Vector.Fusion.Bundle.Monadic ( src/Data/Vector/Fusion/Bundle/Monadic.hs, dist/build/Data/Vector/Fusion/Bundle/Monadic.o, dist/build/Data/Vector/Fusion/Bundle/Monadic.dyn_o )
[ 8 of 23] Compiling Data.Vector.Fusion.Bundle ( src/Data/Vector/Fusion/Bundle.hs, dist/build/Data/Vector/Fusion/Bundle.o, dist/build/Data/Vector/Fusion/Bundle.dyn_o )
[ 9 of 23] Compiling Data.Vector.Generic.Mutable ( src/Data/Vector/Generic/Mutable.hs, dist/build/Data/Vector/Generic/Mutable.o, dist/build/Data/Vector/Generic/Mutable.dyn_o )
[10 of 23] Compiling Data.Vector.Generic.New ( src/Data/Vector/Generic/New.hs, dist/build/Data/Vector/Generic/New.o, dist/build/Data/Vector/Generic/New.dyn_o )
[11 of 23] Compiling Data.Vector.Generic ( src/Data/Vector/Generic.hs, dist/build/Data/Vector/Generic.o, dist/build/Data/Vector/Generic.dyn_o )
[12 of 23] Compiling Data.Vector.Mutable ( src/Data/Vector/Mutable.hs, dist/build/Data/Vector/Mutable.o, dist/build/Data/Vector/Mutable.dyn_o )
[13 of 23] Compiling Data.Vector      ( src/Data/Vector.hs, dist/build/Data/Vector.o, dist/build/Data/Vector.dyn_o )
[14 of 23] Compiling Data.Vector.Primitive.Mutable ( src/Data/Vector/Primitive/Mutable.hs, dist/build/Data/Vector/Primitive/Mutable.o, dist/build/Data/Vector/Primitive/Mutable.dyn_o )
[15 of 23] Compiling Data.Vector.Primitive ( src/Data/Vector/Primitive.hs, dist/build/Data/Vector/Primitive.o, dist/build/Data/Vector/Primitive.dyn_o )
[16 of 23] Compiling Data.Vector.Storable.Internal ( src/Data/Vector/Storable/Internal.hs, dist/build/Data/Vector/Storable/Internal.o, dist/build/Data/Vector/Storable/Internal.dyn_o )
[17 of 23] Compiling Data.Vector.Storable.Mutable ( src/Data/Vector/Storable/Mutable.hs, dist/build/Data/Vector/Storable/Mutable.o, dist/build/Data/Vector/Storable/Mutable.dyn_o )
[18 of 23] Compiling Data.Vector.Storable ( src/Data/Vector/Storable.hs, dist/build/Data/Vector/Storable.o, dist/build/Data/Vector/Storable.dyn_o )
[19 of 23] Compiling Data.Vector.Strict.Mutable ( src/Data/Vector/Strict/Mutable.hs, dist/build/Data/Vector/Strict/Mutable.o, dist/build/Data/Vector/Strict/Mutable.dyn_o )
[20 of 23] Compiling Data.Vector.Strict ( src/Data/Vector/Strict.hs, dist/build/Data/Vector/Strict.o, dist/build/Data/Vector/Strict.dyn_o )
[21 of 23] Compiling Data.Vector.Unboxed.Base ( src/Data/Vector/Unboxed/Base.hs, dist/build/Data/Vector/Unboxed/Base.o, dist/build/Data/Vector/Unboxed/Base.dyn_o )
[22 of 23] Compiling Data.Vector.Unboxed ( src/Data/Vector/Unboxed.hs, dist/build/Data/Vector/Unboxed.o, dist/build/Data/Vector/Unboxed.dyn_o )
[23 of 23] Compiling Data.Vector.Unboxed.Mutable ( src/Data/Vector/Unboxed/Mutable.hs, dist/build/Data/Vector/Unboxed/Mutable.o, dist/build/Data/Vector/Unboxed/Mutable.dyn_o )
ld: warning: -single_module is obsolete
Installing library in /Users/diegosaa/GitHub/trader/.cabal/store/ghc-9.4.8/incoming/new-67505/Users/diegosaa/GitHub/trader/.cabal/store/ghc-9.4.8/vctr-0.13.2.0-0fc0d17a/lib
